c:\users\shinelon\documents\visual studio 2015\projects\driver\hookssdt\hookssdt\x64\debug\vc140.pdb
c:\users\shinelon\documents\visual studio 2015\projects\driver\hookssdt\hookssdt\x64\debug\hookssdt.obj
c:\users\shinelon\documents\visual studio 2015\projects\driver\hookssdt\hookssdt\x64\debug\debug.obj
c:\users\shinelon\documents\visual studio 2015\projects\driver\hookssdt\x64\debug\hookssdt.sys
c:\users\shinelon\documents\visual studio 2015\projects\driver\hookssdt\x64\debug\hookssdt.pdb
c:\users\shinelon\documents\visual studio 2015\projects\driver\hookssdt\hookssdt\x64\debug\hookssdt.inf
c:\users\shinelon\documents\visual studio 2015\projects\driver\hookssdt\x64\debug\hookssdt.cer
c:\users\shinelon\documents\visual studio 2015\projects\driver\hookssdt\x64\debug\hookssdt.inf
c:\users\shinelon\documents\visual studio 2015\projects\driver\hookssdt\hookssdt\x64\debug\hookssdt.tlog\cl.command.1.tlog
c:\users\shinelon\documents\visual studio 2015\projects\driver\hookssdt\hookssdt\x64\debug\hookssdt.tlog\cl.read.1.tlog
c:\users\shinelon\documents\visual studio 2015\projects\driver\hookssdt\hookssdt\x64\debug\hookssdt.tlog\cl.write.1.tlog
c:\users\shinelon\documents\visual studio 2015\projects\driver\hookssdt\hookssdt\x64\debug\hookssdt.tlog\link.command.1.tlog
c:\users\shinelon\documents\visual studio 2015\projects\driver\hookssdt\hookssdt\x64\debug\hookssdt.tlog\link.read.1.tlog
c:\users\shinelon\documents\visual studio 2015\projects\driver\hookssdt\hookssdt\x64\debug\hookssdt.tlog\link.write.1.tlog
c:\users\shinelon\documents\visual studio 2015\projects\driver\hookssdt\hookssdt\x64\debug\hookssdt.tlog\signtool.command.1.tlog
c:\users\shinelon\documents\visual studio 2015\projects\driver\hookssdt\hookssdt\x64\debug\hookssdt.tlog\signtool.read.1.tlog
c:\users\shinelon\documents\visual studio 2015\projects\driver\hookssdt\hookssdt\x64\debug\hookssdt.tlog\signtool.timestamp.1.tlog
c:\users\shinelon\documents\visual studio 2015\projects\driver\hookssdt\hookssdt\x64\debug\hookssdt.tlog\signtool.write.1.tlog
c:\users\shinelon\documents\visual studio 2015\projects\driver\hookssdt\hookssdt\x64\debug\hookssdt.tlog\stampinf.command.1.tlog
c:\users\shinelon\documents\visual studio 2015\projects\driver\hookssdt\hookssdt\x64\debug\hookssdt.tlog\stampinf.read.1.tlog
c:\users\shinelon\documents\visual studio 2015\projects\driver\hookssdt\hookssdt\x64\debug\hookssdt.tlog\stampinf.write.1.tlog
