c:\users\shinelon\documents\visual studio 2015\projects\driver\hookssdt\unhookssdt\x64\debug\vc140.pdb
c:\users\shinelon\documents\visual studio 2015\projects\driver\hookssdt\unhookssdt\x64\debug\unhookssdt.obj
c:\users\shinelon\documents\visual studio 2015\projects\driver\hookssdt\unhookssdt\x64\debug\debug.obj
c:\users\shinelon\documents\visual studio 2015\projects\driver\hookssdt\x64\debug\unhookssdt.sys
c:\users\shinelon\documents\visual studio 2015\projects\driver\hookssdt\x64\debug\unhookssdt.pdb
c:\users\shinelon\documents\visual studio 2015\projects\driver\hookssdt\unhookssdt\x64\debug\unhookssdt.inf
c:\users\shinelon\documents\visual studio 2015\projects\driver\hookssdt\x64\debug\unhookssdt.cer
c:\users\shinelon\documents\visual studio 2015\projects\driver\hookssdt\x64\debug\unhookssdt.inf
c:\users\shinelon\documents\visual studio 2015\projects\driver\hookssdt\unhookssdt\x64\debug\unhookssdt.tlog\cl.command.1.tlog
c:\users\shinelon\documents\visual studio 2015\projects\driver\hookssdt\unhookssdt\x64\debug\unhookssdt.tlog\cl.read.1.tlog
c:\users\shinelon\documents\visual studio 2015\projects\driver\hookssdt\unhookssdt\x64\debug\unhookssdt.tlog\cl.write.1.tlog
c:\users\shinelon\documents\visual studio 2015\projects\driver\hookssdt\unhookssdt\x64\debug\unhookssdt.tlog\link.command.1.tlog
c:\users\shinelon\documents\visual studio 2015\projects\driver\hookssdt\unhookssdt\x64\debug\unhookssdt.tlog\link.read.1.tlog
c:\users\shinelon\documents\visual studio 2015\projects\driver\hookssdt\unhookssdt\x64\debug\unhookssdt.tlog\link.write.1.tlog
c:\users\shinelon\documents\visual studio 2015\projects\driver\hookssdt\unhookssdt\x64\debug\unhookssdt.tlog\signtool.command.1.tlog
c:\users\shinelon\documents\visual studio 2015\projects\driver\hookssdt\unhookssdt\x64\debug\unhookssdt.tlog\signtool.read.1.tlog
c:\users\shinelon\documents\visual studio 2015\projects\driver\hookssdt\unhookssdt\x64\debug\unhookssdt.tlog\signtool.timestamp.1.tlog
c:\users\shinelon\documents\visual studio 2015\projects\driver\hookssdt\unhookssdt\x64\debug\unhookssdt.tlog\signtool.write.1.tlog
c:\users\shinelon\documents\visual studio 2015\projects\driver\hookssdt\unhookssdt\x64\debug\unhookssdt.tlog\stampinf.command.1.tlog
c:\users\shinelon\documents\visual studio 2015\projects\driver\hookssdt\unhookssdt\x64\debug\unhookssdt.tlog\stampinf.read.1.tlog
c:\users\shinelon\documents\visual studio 2015\projects\driver\hookssdt\unhookssdt\x64\debug\unhookssdt.tlog\stampinf.write.1.tlog
